<?xml version="1.0" encoding="UTF-8"?>
<!DOCTYPE beans PUBLIC "-//SPRING//DTD BEAN//EN"
   "http://www.springframework.org/dtd/spring-beans.dtd">
<beans>
  <bean id="adapterProvider" class="by.bsu.onewire.core.network.AdapterProviderImpl"
    singleton="true">
    <property name="adapterName" value="{DS9490}" />
    <property name="portName" value="USB1" />
  </bean>
  <bean id="searchExtension"
    class="by.bsu.onewire.core.network.extensions.SearchExtensionImpl"
    singleton="true" init-method="initExtension">
    <property name="adapter">
      <bean
        class="org.springframework.beans.factory.config.PropertyPathFactoryBean">
        <property name="targetObject" ref="adapterProvider" />
        <property name="propertyPath" value="adapter" />
      </bean>
    </property>
  </bean>
  <bean id="convertExtension" class="by.bsu.onewire.core.network.extensions.ConvertExtensionImpl" singleton="true">
    <property name="adapter">
      <bean class="org.springframework.beans.factory.config.PropertyPathFactoryBean">
        <property name="targetObject" ref="adapterProvider" />
        <property name="propertyPath" value="adapter" />
      </bean>
    </property>
  </bean>
  <bean id="networkManager" class="by.bsu.onewire.core.network.NetworkManagerImpl"  singleton="true">
    <property name="adapterProvider" ref="adapterProvider" />
    <property name="searchExtension" ref="searchExtension" />
  </bean>
  
  <bean id="timeManager" class="by.bsu.onewire.core.sheduler.TimeManagerImpl" />
  
  <bean id="timeProcessor" class="by.bsu.onewire.core.sheduler.TaskTimeProcessorImpl">
    <property name="timeManager" ref="timeManager"/>
  </bean>
  
  <bean id="scheduler" class="by.bsu.onewire.core.sheduler.SimpleSchedulerImpl" singleton="true">
    <property name="timeProcessor" ref="timeProcessor"/>
    <property name="networkManager" ref="networkManager"/>
  </bean>
</beans>